<?xml version="1.0" encoding="UTF-8"?>
<!-- Generated by org.testng.reporters.JUnitReportReporter -->
<testsuite hostname="CO-IT022604" failures="0" tests="1" name="com.globant.AppTest" time="0.007" errors="0" timestamp="08 Nov 2022 16:37:56 GMT" skipped="0">
  <testcase classname="com.globant.AppTest" name="shouldAnswerWithTrue" time="0.007"/>
</testsuite> <!-- com.globant.AppTest -->
