<?xml version="1.0" encoding="UTF-8"?>
<!-- Generated by org.testng.reporters.JUnitReportReporter -->
<testsuite hostname="CO-IT022604" failures="0" tests="1" name="com.globant.LoginTest" time="0.000" errors="0" timestamp="08 Nov 2022 20:43:51 GMT" skipped="0">
  <testcase classname="com.globant.LoginTest" name="TestLogin" time="0.000"/>
</testsuite> <!-- com.globant.LoginTest -->
